<?xml version="1.0" encoding="UTF-8"?>
<!-- Generated by org.testng.reporters.JUnitReportReporter -->
<testsuite hostname="DESKTOP-LT3EBKR" failures="0" tests="1" name="Allergies.getAllergiesForaPatientWithCountAndOffset" time="2.549" errors="0" timestamp="2023-06-14T15:43:04 PDT" skipped="0">
  <testcase classname="Allergies.getAllergiesForaPatientWithCountAndOffset" name="getUser" time="2.549"/>
</testsuite> <!-- Allergies.getAllergiesForaPatientWithCountAndOffset -->
