<?xml version="1.0" encoding="UTF-8"?>
<!-- Generated by org.testng.reporters.JUnitReportReporter -->
<testsuite hostname="DESKTOP-LT3EBKR" failures="0" tests="1" name="OauthToken.getTokenInfo" time="2.567" errors="0" timestamp="2023-06-28T11:04:49 PDT" skipped="0">
  <testcase classname="OauthToken.getTokenInfo" name="getUser" time="2.567"/>
</testsuite> <!-- OauthToken.getTokenInfo -->
