<?xml version="1.0" encoding="UTF-8"?>
<!-- Generated by org.testng.reporters.JUnitReportReporter -->
<testsuite hostname="DESKTOP-LT3EBKR" failures="0" tests="1" name="Allergies.getAllergies" time="2.676" errors="0" timestamp="2023-06-14T14:57:53 PDT" skipped="0">
  <testcase classname="Allergies.getAllergies" name="getUser" time="2.676"/>
</testsuite> <!-- Allergies.getAllergies -->
