<?xml version="1.0" encoding="UTF-8"?>
<!-- Generated by org.testng.reporters.JUnitReportReporter -->
<testsuite hostname="DESKTOP-LT3EBKR" failures="0" tests="1" name="Allergies.getAllergiesByPatientId" time="3.473" errors="0" timestamp="2023-06-27T21:11:09 PDT" skipped="0">
  <testcase classname="Allergies.getAllergiesByPatientId" name="getUser" time="3.473"/>
</testsuite> <!-- Allergies.getAllergiesByPatientId -->
