<?xml version="1.0" encoding="UTF-8"?>
<!-- Generated by org.testng.reporters.JUnitReportReporter -->
<testsuite hostname="DESKTOP-LT3EBKR" failures="0" tests="1" name="Allergies.deleteAllergy" time="1.925" errors="0" timestamp="2023-06-28T18:09:16 PDT" skipped="0">
  <testcase classname="Allergies.deleteAllergy" name="getUser" time="1.925"/>
</testsuite> <!-- Allergies.deleteAllergy -->
