<?xml version="1.0" encoding="UTF-8"?>
<!-- Generated by org.testng.reporters.JUnitReportReporter -->
<testsuite hostname="DESKTOP-LT3EBKR" failures="0" tests="1" name="Allergies.CreateAllergy" time="2.113" errors="0" timestamp="2023-07-03T14:04:11 PDT" skipped="0">
  <testcase classname="Allergies.CreateAllergy" name="createAllergy" time="2.113"/>
</testsuite> <!-- Allergies.CreateAllergy -->
