<?xml version="1.0" encoding="UTF-8"?>
<!-- Generated by org.testng.reporters.JUnitReportReporter -->
<testsuite hostname="DESKTOP-LT3EBKR" failures="0" tests="1" name="Consent.getConsent" time="2.053" errors="0" timestamp="2023-10-08T21:08:29 PDT" skipped="0">
  <testcase classname="Consent.getConsent" name="createConsent" time="2.053"/>
</testsuite> <!-- Consent.getConsent -->
