<?xml version="1.0" encoding="UTF-8"?>
<!-- Generated by org.testng.reporters.JUnitReportReporter -->
<testsuite hostname="DESKTOP-LT3EBKR" failures="0" tests="1" name="OauthToken.getImplicitBearer" time="1.828" errors="0" timestamp="2023-08-07T10:25:46 PDT" skipped="0">
  <testcase classname="OauthToken.getImplicitBearer" name="getUser" time="1.828"/>
</testsuite> <!-- OauthToken.getImplicitBearer -->
