<?xml version="1.0" encoding="UTF-8"?>
<!-- Generated by org.testng.reporters.JUnitReportReporter -->
<testsuite hostname="DESKTOP-LT3EBKR" failures="0" tests="1" name="Consent.CreateConsent" time="3.096" errors="0" timestamp="2023-10-08T21:04:40 PDT" skipped="0">
  <testcase classname="Consent.CreateConsent" name="createConsent" time="3.096"/>
</testsuite> <!-- Consent.CreateConsent -->
