<?xml version="1.0" encoding="UTF-8"?>
<!-- Generated by org.testng.reporters.JUnitReportReporter -->
<testsuite hostname="DESKTOP-LT3EBKR" failures="0" tests="1" name="IframeLabNetwork.HellaJamesLabOrder" time="3.151" errors="0" timestamp="2023-06-30T12:38:12 PDT" skipped="0">
  <testcase classname="IframeLabNetwork.HellaJamesLabOrder" name="createAllergy" time="3.151"/>
</testsuite> <!-- IframeLabNetwork.HellaJamesLabOrder -->
