<?xml version="1.0" encoding="UTF-8"?>
<!-- Generated by org.testng.reporters.JUnitReportReporter -->
<testsuite hostname="DESKTOP-LT3EBKR" failures="0" tests="1" name="Allergies.getAllergiesForaPatientLastUpdated2023" time="2.725" errors="0" timestamp="2023-06-14T15:38:26 PDT" skipped="0">
  <testcase classname="Allergies.getAllergiesForaPatientLastUpdated2023" name="getUser" time="2.725"/>
</testsuite> <!-- Allergies.getAllergiesForaPatientLastUpdated2023 -->
