<?xml version="1.0" encoding="UTF-8"?>
<!-- Generated by org.testng.reporters.JUnitReportReporter -->
<testsuite hostname="DESKTOP-LT3EBKR" failures="0" tests="1" name="OauthToken.generateAuthToken" time="2.412" errors="0" timestamp="2023-06-28T15:13:47 PDT" skipped="0">
  <testcase classname="OauthToken.generateAuthToken" name="testOAuthWithAuthorizationCode" time="2.412"/>
</testsuite> <!-- OauthToken.generateAuthToken -->
