<?xml version="1.0" encoding="UTF-8"?>
<!-- Generated by org.testng.reporters.JUnitReportReporter -->
<testsuite hostname="DESKTOP-LT3EBKR" failures="0" tests="1" name="Allergies.POST" time="2.135" errors="0" timestamp="2023-06-27T21:13:06 PDT" skipped="0">
  <testcase classname="Allergies.POST" name="getUser" time="2.135"/>
</testsuite> <!-- Allergies.POST -->
