<?xml version="1.0" encoding="UTF-8"?>
<!-- Generated by org.testng.reporters.JUnitReportReporter -->
<testsuite hostname="DESKTOP-LT3EBKR" failures="0" tests="1" name="OauthToken.getUserInfo" time="2.117" errors="0" timestamp="2023-06-28T11:04:11 PDT" skipped="0">
  <testcase classname="OauthToken.getUserInfo" name="getUser" time="2.117"/>
</testsuite> <!-- OauthToken.getUserInfo -->
