<?xml version="1.0" encoding="UTF-8"?>
<!-- Generated by org.testng.reporters.JUnitReportReporter -->
<testsuite hostname="DESKTOP-LT3EBKR" failures="0" tests="1" name="Allergies.Token" time="1.782" errors="0" timestamp="2023-06-28T10:44:14 PDT" skipped="0">
  <testcase classname="Allergies.Token" name="testOAuthWithAuthorizationCode" time="1.782"/>
</testsuite> <!-- Allergies.Token -->
