<?xml version="1.0" encoding="UTF-8"?>
<!-- Generated by org.testng.reporters.JUnitReportReporter -->
<testsuite hostname="DESKTOP-LT3EBKR" failures="0" tests="1" name="OauthToken.revokeToken" time="1.568" errors="0" timestamp="2023-06-28T11:19:35 PDT" skipped="0">
  <testcase classname="OauthToken.revokeToken" name="getUser" time="1.568"/>
</testsuite> <!-- OauthToken.revokeToken -->
