<?xml version="1.0" encoding="UTF-8"?>
<!-- Generated by org.testng.reporters.JUnitReportReporter -->
<testsuite hostname="DESKTOP-LT3EBKR" failures="0" tests="1" name="Goal.CreateGoal" time="1.881" errors="0" timestamp="2023-06-28T18:18:53 PDT" skipped="0">
  <testcase classname="Goal.CreateGoal" name="createAllergy" time="1.881"/>
</testsuite> <!-- Goal.CreateGoal -->
