<?xml version="1.0" encoding="UTF-8"?>
<!-- Generated by org.testng.reporters.JUnitReportReporter -->
<testsuite hostname="DESKTOP-LT3EBKR" failures="0" tests="1" name="Allergies.getAllergiesByID" time="2.313" errors="0" timestamp="2023-06-28T18:11:28 PDT" skipped="0">
  <testcase classname="Allergies.getAllergiesByID" name="getUser" time="2.313"/>
</testsuite> <!-- Allergies.getAllergiesByID -->
